<?xml version="1.0" encoding="UTF-8"?>
<testsuite xmlns:xsi="http://www.w3.org/2001/XMLSchema-instance" xsi:noNamespaceSchemaLocation="https://maven.apache.org/surefire/maven-surefire-plugin/xsd/surefire-test-report-3.0.xsd" version="3.0" name="test.NewEmptyJUnitTest" time="0.175" tests="4" errors="0" skipped="0" failures="0">
  <properties>
    <property name="java.specification.version" value="14"/>
    <property name="sun.cpu.isalist" value="amd64"/>
    <property name="sun.jnu.encoding" value="Cp1252"/>
    <property name="java.class.path" value="C:\code\AD\PracticaFicheroXML\target\test-classes;C:\code\AD\PracticaFicheroXML\target\classes;C:\Users\arturo\.m2\repository\org\junit\jupiter\junit-jupiter-api\5.6.0\junit-jupiter-api-5.6.0.jar;C:\Users\arturo\.m2\repository\org\apiguardian\apiguardian-api\1.1.0\apiguardian-api-1.1.0.jar;C:\Users\arturo\.m2\repository\org\opentest4j\opentest4j\1.2.0\opentest4j-1.2.0.jar;C:\Users\arturo\.m2\repository\org\junit\platform\junit-platform-commons\1.6.0\junit-platform-commons-1.6.0.jar;C:\Users\arturo\.m2\repository\org\junit\jupiter\junit-jupiter-params\5.6.0\junit-jupiter-params-5.6.0.jar;C:\Users\arturo\.m2\repository\org\junit\jupiter\junit-jupiter-engine\5.6.0\junit-jupiter-engine-5.6.0.jar;C:\Users\arturo\.m2\repository\org\junit\platform\junit-platform-engine\1.6.0\junit-platform-engine-1.6.0.jar;C:\Users\arturo\.m2\repository\junit\junit\4.12\junit-4.12.jar;C:\Users\arturo\.m2\repository\org\hamcrest\hamcrest-core\1.3\hamcrest-core-1.3.jar;"/>
    <property name="java.vm.vendor" value="Oracle Corporation"/>
    <property name="sun.arch.data.model" value="64"/>
    <property name="user.variant" value=""/>
    <property name="java.vendor.url" value="https://java.oracle.com/"/>
    <property name="user.timezone" value="Europe/Madrid"/>
    <property name="os.name" value="Windows 10"/>
    <property name="java.vm.specification.version" value="14"/>
    <property name="user.country" value="ES"/>
    <property name="sun.java.launcher" value="SUN_STANDARD"/>
    <property name="sun.boot.library.path" value="C:\Program Files\Java\jdk-14.0.2\bin"/>
    <property name="sun.java.command" value="C:\Users\arturo\AppData\Local\Temp\surefire7294454294845326076\surefirebooter6888884479178297776.jar C:\Users\arturo\AppData\Local\Temp\surefire7294454294845326076 2020-11-30T19-41-22_844-jvmRun1 surefire9252907003500312430tmp surefire_010773684293711772527tmp"/>
    <property name="jdk.debug" value="release"/>
    <property name="test" value="test.NewEmptyJUnitTest"/>
    <property name="surefire.test.class.path" value="C:\code\AD\PracticaFicheroXML\target\test-classes;C:\code\AD\PracticaFicheroXML\target\classes;C:\Users\arturo\.m2\repository\org\junit\jupiter\junit-jupiter-api\5.6.0\junit-jupiter-api-5.6.0.jar;C:\Users\arturo\.m2\repository\org\apiguardian\apiguardian-api\1.1.0\apiguardian-api-1.1.0.jar;C:\Users\arturo\.m2\repository\org\opentest4j\opentest4j\1.2.0\opentest4j-1.2.0.jar;C:\Users\arturo\.m2\repository\org\junit\platform\junit-platform-commons\1.6.0\junit-platform-commons-1.6.0.jar;C:\Users\arturo\.m2\repository\org\junit\jupiter\junit-jupiter-params\5.6.0\junit-jupiter-params-5.6.0.jar;C:\Users\arturo\.m2\repository\org\junit\jupiter\junit-jupiter-engine\5.6.0\junit-jupiter-engine-5.6.0.jar;C:\Users\arturo\.m2\repository\org\junit\platform\junit-platform-engine\1.6.0\junit-platform-engine-1.6.0.jar;C:\Users\arturo\.m2\repository\junit\junit\4.12\junit-4.12.jar;C:\Users\arturo\.m2\repository\org\hamcrest\hamcrest-core\1.3\hamcrest-core-1.3.jar;"/>
    <property name="sun.cpu.endian" value="little"/>
    <property name="user.home" value="C:\Users\arturo"/>
    <property name="user.language" value="es"/>
    <property name="java.specification.vendor" value="Oracle Corporation"/>
    <property name="java.version.date" value="2020-07-14"/>
    <property name="java.home" value="C:\Program Files\Java\jdk-14.0.2"/>
    <property name="file.separator" value="\"/>
    <property name="basedir" value="C:\code\AD\PracticaFicheroXML"/>
    <property name="java.vm.compressedOopsMode" value="Zero based"/>
    <property name="line.separator" value="&#10;"/>
    <property name="java.vm.specification.vendor" value="Oracle Corporation"/>
    <property name="java.specification.name" value="Java Platform API Specification"/>
    <property name="surefire.real.class.path" value="C:\Users\arturo\AppData\Local\Temp\surefire7294454294845326076\surefirebooter6888884479178297776.jar"/>
    <property name="user.script" value=""/>
    <property name="sun.management.compiler" value="HotSpot 64-Bit Tiered Compilers"/>
    <property name="java.runtime.version" value="14.0.2+12-46"/>
    <property name="user.name" value="arturo"/>
    <property name="path.separator" value=";"/>
    <property name="os.version" value="10.0"/>
    <property name="java.runtime.name" value="Java(TM) SE Runtime Environment"/>
    <property name="file.encoding" value="UTF-8"/>
    <property name="java.vm.name" value="Java HotSpot(TM) 64-Bit Server VM"/>
    <property name="maven.ext.class.path" value="C:\Program Files\NetBeans-12.1\netbeans\java\maven-nblib\netbeans-eventspy.jar"/>
    <property name="localRepository" value="C:\Users\arturo\.m2\repository"/>
    <property name="java.vendor.url.bug" value="https://bugreport.java.com/bugreport/"/>
    <property name="java.io.tmpdir" value="C:\Users\arturo\AppData\Local\Temp\"/>
    <property name="java.version" value="14.0.2"/>
    <property name="user.dir" value="C:\code\AD\PracticaFicheroXML"/>
    <property name="os.arch" value="amd64"/>
    <property name="java.vm.specification.name" value="Java Virtual Machine Specification"/>
    <property name="sun.os.patch.level" value=""/>
    <property name="java.library.path" value="C:\Program Files\Java\jdk-14.0.2\bin;C:\Windows\Sun\Java\bin;C:\Windows\system32;C:\Windows;C:\Windows\system32;C:\Windows;C:\Windows\System32\Wbem;C:\Windows\System32\WindowsPowerShell\v1.0\;C:\Windows\System32\OpenSSH\;C:\Program Files\dotnet\;C:\Program Files\Microsoft SQL Server\130\Tools\Binn\;C:\Program Files\Microsoft SQL Server\Client SDK\ODBC\170\Tools\Binn\;C:\Program Files\Git\cmd;D:\List&amp;Label\Redistribution\x64\;D:\List&amp;Label\Redistribution\x86\;C:\Program Files\MySQL\MySQL Shell 8.0\bin\;C:\Users\arturo\AppData\Local\Microsoft\WindowsApps;C:\Users\arturo\.dotnet\tools;C:\Users\arturo\AppData\Local\Programs\Microsoft VS Code\bin;C:\Users\arturo\AppData\Local\GitHubDesktop\bin;."/>
    <property name="java.vm.info" value="mixed mode, sharing"/>
    <property name="java.vendor" value="Oracle Corporation"/>
    <property name="java.vm.version" value="14.0.2+12-46"/>
    <property name="sun.io.unicode.encoding" value="UnicodeLittle"/>
    <property name="java.class.version" value="58.0"/>
  </properties>
  <testcase name="comprobar_tamanio_al_insertar_dos_colegios_en_array_con_misma_pk" classname="test.NewEmptyJUnitTest" time="0.125">
    <system-out><![CDATA[Comienzo del Documento XML
	 Caracteres: 752 
	Fin Elemento: cod_colegio 
	 Caracteres: Rodr 
	Fin Elemento: nombre 
	 Caracteres: Ronda 
	Fin Elemento: direccion 
	 Caracteres: true 
	Fin Elemento: esPublico 
	 Caracteres: true 
	Fin Elemento: tieneFP 
	Fin Elemento: colegio 
	Fin Elemento: Colegios 
Final del Documento XML
Comienzo del Documento XML
	 Caracteres: 752 
	Fin Elemento: cod_colegio 
	 Caracteres: Rodr 
	Fin Elemento: nombre 
	 Caracteres: Ronda 
	Fin Elemento: direccion 
	 Caracteres: true 
	Fin Elemento: esPublico 
	 Caracteres: true 
	Fin Elemento: tieneFP 
	Fin Elemento: colegio 
	Fin Elemento: Colegios 
Final del Documento XML
]]></system-out>
    <system-err><![CDATA[Error: java.lang.IndexOutOfBoundsException: Index 1 out of bounds for length 1
Error: java.lang.IndexOutOfBoundsException: Index 1 out of bounds for length 1
]]></system-err>
  </testcase>
  <testcase name="comprobar_tamanio_al_insertar_colegio_en_fichero" classname="test.NewEmptyJUnitTest" time="0.009">
    <system-out><![CDATA[Comienzo del Documento XML
	 Caracteres: 752 
	Fin Elemento: cod_colegio 
	 Caracteres: perez 
	Fin Elemento: nombre 
	 Caracteres: Ronda 
	Fin Elemento: direccion 
	 Caracteres: true 
	Fin Elemento: esPublico 
	 Caracteres: true 
	Fin Elemento: tieneFP 
	Fin Elemento: colegio 
	Fin Elemento: Colegios 
Final del Documento XML
]]></system-out>
    <system-err><![CDATA[Error: java.lang.IndexOutOfBoundsException: Index 1 out of bounds for length 1
]]></system-err>
  </testcase>
  <testcase name="comprobar_modificar_1_colegio" classname="test.NewEmptyJUnitTest" time="0.012">
    <system-out><![CDATA[Comienzo del Documento XML
	 Caracteres: 37 
	Fin Elemento: cod_colegio 
	 Caracteres: Rodr 
	Fin Elemento: nombre 
	 Caracteres: Ronda 
	Fin Elemento: direccion 
	 Caracteres: true 
	Fin Elemento: esPublico 
	 Caracteres: true 
	Fin Elemento: tieneFP 
	Fin Elemento: colegio 
	Fin Elemento: Colegios 
Final del Documento XML
]]></system-out>
    <system-err><![CDATA[Error: java.lang.IndexOutOfBoundsException: Index 1 out of bounds for length 1
]]></system-err>
  </testcase>
  <testcase name="comprobar_eliminar_1_colegio" classname="test.NewEmptyJUnitTest" time="0.005">
    <system-out><![CDATA[Comienzo del Documento XML
	 Caracteres: 37 
	Fin Elemento: cod_colegio 
	 Caracteres: Rodr 
	Fin Elemento: nombre 
	 Caracteres: Ronda 
	Fin Elemento: direccion 
	 Caracteres: true 
	Fin Elemento: esPublico 
	 Caracteres: true 
	Fin Elemento: tieneFP 
	Fin Elemento: colegio 
	Fin Elemento: Colegios 
Final del Documento XML
]]></system-out>
    <system-err><![CDATA[Error: java.lang.IndexOutOfBoundsException: Index 1 out of bounds for length 1
]]></system-err>
  </testcase>
</testsuite>